D:\VEJOE\VISIONOPENCV\VISIONOPENCV\DEBUG\MAINOPENCV.OBJ
D:\VEJOE\VISIONOPENCV\VISIONOPENCV\DEBUG\VC110.PDB
D:\VEJOE\VISIONOPENCV\DEBUG\VISIONOPENCV.ILK
D:\VEJOE\VISIONOPENCV\DEBUG\VISIONOPENCV.EXE
D:\VEJOE\VISIONOPENCV\DEBUG\VISIONOPENCV.PDB
D:\vejoe\VisionOpenCV\VisionOpenCV\Debug\cl.command.1.tlog
D:\vejoe\VisionOpenCV\VisionOpenCV\Debug\CL.read.1.tlog
D:\vejoe\VisionOpenCV\VisionOpenCV\Debug\CL.write.1.tlog
D:\vejoe\VisionOpenCV\VisionOpenCV\Debug\link-cvtres.read.1.tlog
D:\vejoe\VisionOpenCV\VisionOpenCV\Debug\link-cvtres.write.1.tlog
D:\vejoe\VisionOpenCV\VisionOpenCV\Debug\link-rc.read.1.tlog
D:\vejoe\VisionOpenCV\VisionOpenCV\Debug\link-rc.write.1.tlog
D:\vejoe\VisionOpenCV\VisionOpenCV\Debug\link.command.1.tlog
D:\vejoe\VisionOpenCV\VisionOpenCV\Debug\link.read.1.tlog
D:\vejoe\VisionOpenCV\VisionOpenCV\Debug\link.write.1.tlog
D:\vejoe\VisionOpenCV\VisionOpenCV\Debug\vc110.idb
D:\vejoe\VisionOpenCV\VisionOpenCV\Debug\vc110.pdb
D:\vejoe\VisionOpenCV\Debug\VisionOpenCV.pdb
D:\vejoe\VisionOpenCV\Debug\VisionOpenCV.exe
D:\vejoe\VisionOpenCV\Debug\VisionOpenCV.ilk
